<?xml version="1.0" encoding="UTF-8"?>
<!-- Generated by org.testng.reporters.JUnitXMLReporter -->
<testsuite ignored="0" hostname="ram" failures="1" tests="8" name="Test" time="0.145" errors="0" timestamp="2022-07-04T17:38:07 BST">
  <testcase classname="sunny.SanityTesting" name="TestBuildCheckOne" time="0.018"/>
  <testcase classname="sunny.SanityTesting" name="TestBuildCheckfour" time="0.001"/>
  <testcase classname="sunny.SanityTesting" name="TestBuildCheckthree" time="0.002"/>
  <testcase classname="sunny.SanityTesting" name="TestBuildChecktwo" time="0.002"/>
  <testcase classname="sunny.Regression" name="TestDummy" time="0.003"/>
  <testcase classname="sunny.Regression" name="testOne" time="0.002">
    <failure type="java.lang.NullPointerException" message="Cannot invoke &amp;quot;org.openqa.selenium.WebDriver.get(String)&amp;quot; because &amp;quot;sunny.launch.driver&amp;quot; is null">
      <![CDATA[java.lang.NullPointerException: Cannot invoke "org.openqa.selenium.WebDriver.get(String)" because "sunny.launch.driver" is null
at sunny.launch.fnNavigatetourl(launch.java:21)
at sunny.Regression.testOne(Regression.java:19)
at java.base/java.util.ArrayList.forEach(ArrayList.java:1511)
... Removed 27 stack frames]]>
    </failure>
  </testcase> <!-- testOne -->
  <testcase classname="sunny.SmokeTest" name="SmokeCheckOne" time="0.004"/>
  <testcase classname="sunny.SmokeTest" name="SmokeChecktwo" time="0.002"/>
</testsuite> <!-- Test -->
